Copyright 1986-2022 Xilinx, Inc. All Rights Reserved. Copyright 2022-2024 Advanced Micro Devices, Inc. All Rights Reserved.
------------------------------------------------------------------------------------------------------------------------------------------------------------------------------------------------------------------------------
| Tool Version : Vivado v.2024.1 (win64) Build 5076996 Wed May 22 18:37:14 MDT 2024
| Date         : Tue Feb 18 18:19:20 2025
| Host         : COMSYS01 running 64-bit major release  (build 9200)
| Command      : report_timing_summary -max_paths 10 -report_unconstrained -file my3bitAdder_timing_summary_routed.rpt -pb my3bitAdder_timing_summary_routed.pb -rpx my3bitAdder_timing_summary_routed.rpx -warn_on_violation
| Design       : my3bitAdder
| Device       : 7z007s-clg400
| Speed File   : -1  PRODUCTION 1.12 2019-11-22
| Design State : Routed
------------------------------------------------------------------------------------------------------------------------------------------------------------------------------------------------------------------------------

Timing Summary Report

------------------------------------------------------------------------------------------------
| Timer Settings
| --------------
------------------------------------------------------------------------------------------------

  Enable Multi Corner Analysis               :  Yes
  Enable Pessimism Removal                   :  Yes
  Pessimism Removal Resolution               :  Nearest Common Node
  Enable Input Delay Default Clock           :  No
  Enable Preset / Clear Arcs                 :  No
  Disable Flight Delays                      :  No
  Ignore I/O Paths                           :  No
  Timing Early Launch at Borrowing Latches   :  No
  Borrow Time for Max Delay Exceptions       :  Yes
  Merge Timing Exceptions                    :  Yes
  Inter-SLR Compensation                     :  Conservative

  Corner  Analyze    Analyze    
  Name    Max Paths  Min Paths  
  ------  ---------  ---------  
  Slow    Yes        Yes        
  Fast    Yes        Yes        


------------------------------------------------------------------------------------------------
| Report Methodology
| ------------------
------------------------------------------------------------------------------------------------

No report available as report_methodology has not been run prior. Run report_methodology on the current design for the summary of methodology violations.



check_timing report

Table of Contents
-----------------
1. checking no_clock (0)
2. checking constant_clock (0)
3. checking pulse_width_clock (0)
4. checking unconstrained_internal_endpoints (0)
5. checking no_input_delay (0)
6. checking no_output_delay (0)
7. checking multiple_clock (0)
8. checking generated_clocks (0)
9. checking loops (0)
10. checking partial_input_delay (0)
11. checking partial_output_delay (0)
12. checking latch_loops (0)

1. checking no_clock (0)
------------------------
 There are 0 register/latch pins with no clock.


2. checking constant_clock (0)
------------------------------
 There are 0 register/latch pins with constant_clock.


3. checking pulse_width_clock (0)
---------------------------------
 There are 0 register/latch pins which need pulse_width check


4. checking unconstrained_internal_endpoints (0)
------------------------------------------------
 There are 0 pins that are not constrained for maximum delay.

 There are 0 pins that are not constrained for maximum delay due to constant clock.


5. checking no_input_delay (0)
------------------------------
 There are 0 input ports with no input delay specified.

 There are 0 input ports with no input delay but user has a false path constraint.


6. checking no_output_delay (0)
-------------------------------
 There are 0 ports with no output delay specified.

 There are 0 ports with no output delay but user has a false path constraint

 There are 0 ports with no output delay but with a timing clock defined on it or propagating through it


7. checking multiple_clock (0)
------------------------------
 There are 0 register/latch pins with multiple clocks.


8. checking generated_clocks (0)
--------------------------------
 There are 0 generated clocks that are not connected to a clock source.


9. checking loops (0)
---------------------
 There are 0 combinational loops in the design.


10. checking partial_input_delay (0)
------------------------------------
 There are 0 input ports with partial input delay specified.


11. checking partial_output_delay (0)
-------------------------------------
 There are 0 ports with partial output delay specified.


12. checking latch_loops (0)
----------------------------
 There are 0 combinational latch loops in the design through latch input



------------------------------------------------------------------------------------------------
| Design Timing Summary
| ---------------------
------------------------------------------------------------------------------------------------

    WNS(ns)      TNS(ns)  TNS Failing Endpoints  TNS Total Endpoints      WHS(ns)      THS(ns)  THS Failing Endpoints  THS Total Endpoints     WPWS(ns)     TPWS(ns)  TPWS Failing Endpoints  TPWS Total Endpoints  
    -------      -------  ---------------------  -------------------      -------      -------  ---------------------  -------------------     --------     --------  ----------------------  --------------------  
        inf        0.000                      0                    3          inf        0.000                      0                    3           NA           NA                      NA                    NA  


There are no user specified timing constraints.


------------------------------------------------------------------------------------------------
| Clock Summary
| -------------
------------------------------------------------------------------------------------------------


------------------------------------------------------------------------------------------------
| Intra Clock Table
| -----------------
------------------------------------------------------------------------------------------------

Clock             WNS(ns)      TNS(ns)  TNS Failing Endpoints  TNS Total Endpoints      WHS(ns)      THS(ns)  THS Failing Endpoints  THS Total Endpoints     WPWS(ns)     TPWS(ns)  TPWS Failing Endpoints  TPWS Total Endpoints  
-----             -------      -------  ---------------------  -------------------      -------      -------  ---------------------  -------------------     --------     --------  ----------------------  --------------------  


------------------------------------------------------------------------------------------------
| Inter Clock Table
| -----------------
------------------------------------------------------------------------------------------------

From Clock    To Clock          WNS(ns)      TNS(ns)  TNS Failing Endpoints  TNS Total Endpoints      WHS(ns)      THS(ns)  THS Failing Endpoints  THS Total Endpoints  
----------    --------          -------      -------  ---------------------  -------------------      -------      -------  ---------------------  -------------------  


------------------------------------------------------------------------------------------------
| Other Path Groups Table
| -----------------------
------------------------------------------------------------------------------------------------

Path Group    From Clock    To Clock          WNS(ns)      TNS(ns)  TNS Failing Endpoints  TNS Total Endpoints      WHS(ns)      THS(ns)  THS Failing Endpoints  THS Total Endpoints  
----------    ----------    --------          -------      -------  ---------------------  -------------------      -------      -------  ---------------------  -------------------  


------------------------------------------------------------------------------------------------
| User Ignored Path Table
| -----------------------
------------------------------------------------------------------------------------------------

Path Group    From Clock    To Clock    
----------    ----------    --------    


------------------------------------------------------------------------------------------------
| Unconstrained Path Table
| ------------------------
------------------------------------------------------------------------------------------------

Path Group    From Clock    To Clock    
----------    ----------    --------    
(none)                                    


------------------------------------------------------------------------------------------------
| Timing Details
| --------------
------------------------------------------------------------------------------------------------


--------------------------------------------------------------------------------------
Path Group:  (none)
From Clock:  
  To Clock:  

Max Delay             3 Endpoints
Min Delay             3 Endpoints
--------------------------------------------------------------------------------------


Max Delay Paths
--------------------------------------------------------------------------------------
Slack:                    inf
  Source:                 Ci
                            (input port)
  Destination:            Co
                            (output port)
  Path Group:             (none)
  Path Type:              Max at Slow Process Corner
  Data Path Delay:        10.168ns  (logic 5.449ns (53.592%)  route 4.719ns (46.408%))
  Logic Levels:           3  (IBUF=1 LUT5=1 OBUF=1)

    Location             Delay type                Incr(ns)  Path(ns)    Netlist Resource(s)
  -------------------------------------------------------------------    -------------------
    D19                                               0.000     0.000 r  Ci (IN)
                         net (fo=0)                   0.000     0.000    Ci
    D19                  IBUF (Prop_ibuf_I_O)         1.477     1.477 r  Ci_IBUF_inst/O
                         net (fo=3, routed)           2.606     4.083    Ci_IBUF
    SLICE_X43Y34         LUT5 (Prop_lut5_I0_O)        0.150     4.233 r  Co_OBUF_inst_i_1/O
                         net (fo=1, routed)           2.113     6.346    Co_OBUF
    T11                  OBUF (Prop_obuf_I_O)         3.822    10.168 r  Co_OBUF_inst/O
                         net (fo=0)                   0.000    10.168    Co
    T11                                                               r  Co (OUT)
  -------------------------------------------------------------------    -------------------

Slack:                    inf
  Source:                 Ci
                            (input port)
  Destination:            S[1]
                            (output port)
  Path Group:             (none)
  Path Type:              Max at Slow Process Corner
  Data Path Delay:        9.523ns  (logic 5.241ns (55.037%)  route 4.282ns (44.963%))
  Logic Levels:           3  (IBUF=1 LUT5=1 OBUF=1)

    Location             Delay type                Incr(ns)  Path(ns)    Netlist Resource(s)
  -------------------------------------------------------------------    -------------------
    D19                                               0.000     0.000 r  Ci (IN)
                         net (fo=0)                   0.000     0.000    Ci
    D19                  IBUF (Prop_ibuf_I_O)         1.477     1.477 r  Ci_IBUF_inst/O
                         net (fo=3, routed)           2.606     4.083    Ci_IBUF
    SLICE_X43Y34         LUT5 (Prop_lut5_I2_O)        0.124     4.207 r  S_OBUF[1]_inst_i_1/O
                         net (fo=1, routed)           1.676     5.883    S_OBUF[1]
    Y14                  OBUF (Prop_obuf_I_O)         3.640     9.523 r  S_OBUF[1]_inst/O
                         net (fo=0)                   0.000     9.523    S[1]
    Y14                                                               r  S[1] (OUT)
  -------------------------------------------------------------------    -------------------

Slack:                    inf
  Source:                 Ci
                            (input port)
  Destination:            S[0]
                            (output port)
  Path Group:             (none)
  Path Type:              Max at Slow Process Corner
  Data Path Delay:        9.375ns  (logic 5.239ns (55.880%)  route 4.136ns (44.120%))
  Logic Levels:           3  (IBUF=1 LUT3=1 OBUF=1)

    Location             Delay type                Incr(ns)  Path(ns)    Netlist Resource(s)
  -------------------------------------------------------------------    -------------------
    D19                                               0.000     0.000 r  Ci (IN)
                         net (fo=0)                   0.000     0.000    Ci
    D19                  IBUF (Prop_ibuf_I_O)         1.477     1.477 r  Ci_IBUF_inst/O
                         net (fo=3, routed)           2.611     4.088    Ci_IBUF
    SLICE_X43Y34         LUT3 (Prop_lut3_I0_O)        0.124     4.212 r  S_OBUF[0]_inst_i_1/O
                         net (fo=1, routed)           1.525     5.737    S_OBUF[0]
    W14                  OBUF (Prop_obuf_I_O)         3.638     9.375 r  S_OBUF[0]_inst/O
                         net (fo=0)                   0.000     9.375    S[0]
    W14                                                               r  S[0] (OUT)
  -------------------------------------------------------------------    -------------------





Min Delay Paths
--------------------------------------------------------------------------------------
Slack:                    inf
  Source:                 B[0]
                            (input port)
  Destination:            S[0]
                            (output port)
  Path Group:             (none)
  Path Type:              Min at Fast Process Corner
  Data Path Delay:        2.336ns  (logic 1.710ns (73.173%)  route 0.627ns (26.827%))
  Logic Levels:           3  (IBUF=1 LUT3=1 OBUF=1)

    Location             Delay type                Incr(ns)  Path(ns)    Netlist Resource(s)
  -------------------------------------------------------------------    -------------------
    Y17                                               0.000     0.000 r  B[0] (IN)
                         net (fo=0)                   0.000     0.000    B[0]
    Y17                  IBUF (Prop_ibuf_I_O)         0.327     0.327 r  B_IBUF[0]_inst/O
                         net (fo=3, routed)           0.346     0.674    B_IBUF[0]
    SLICE_X43Y34         LUT3 (Prop_lut3_I2_O)        0.045     0.719 r  S_OBUF[0]_inst_i_1/O
                         net (fo=1, routed)           0.280     0.999    S_OBUF[0]
    W14                  OBUF (Prop_obuf_I_O)         1.337     2.336 r  S_OBUF[0]_inst/O
                         net (fo=0)                   0.000     2.336    S[0]
    W14                                                               r  S[0] (OUT)
  -------------------------------------------------------------------    -------------------

Slack:                    inf
  Source:                 A[0]
                            (input port)
  Destination:            S[1]
                            (output port)
  Path Group:             (none)
  Path Type:              Min at Fast Process Corner
  Data Path Delay:        2.494ns  (logic 1.719ns (68.926%)  route 0.775ns (31.074%))
  Logic Levels:           3  (IBUF=1 LUT5=1 OBUF=1)

    Location             Delay type                Incr(ns)  Path(ns)    Netlist Resource(s)
  -------------------------------------------------------------------    -------------------
    Y16                                               0.000     0.000 r  A[0] (IN)
                         net (fo=0)                   0.000     0.000    A[0]
    Y16                  IBUF (Prop_ibuf_I_O)         0.334     0.334 r  A_IBUF[0]_inst/O
                         net (fo=3, routed)           0.448     0.782    A_IBUF[0]
    SLICE_X43Y34         LUT5 (Prop_lut5_I0_O)        0.045     0.827 r  S_OBUF[1]_inst_i_1/O
                         net (fo=1, routed)           0.327     1.154    S_OBUF[1]
    Y14                  OBUF (Prop_obuf_I_O)         1.340     2.494 r  S_OBUF[1]_inst/O
                         net (fo=0)                   0.000     2.494    S[1]
    Y14                                                               r  S[1] (OUT)
  -------------------------------------------------------------------    -------------------

Slack:                    inf
  Source:                 A[0]
                            (input port)
  Destination:            Co
                            (output port)
  Path Group:             (none)
  Path Type:              Min at Fast Process Corner
  Data Path Delay:        2.735ns  (logic 1.762ns (64.408%)  route 0.974ns (35.592%))
  Logic Levels:           3  (IBUF=1 LUT5=1 OBUF=1)

    Location             Delay type                Incr(ns)  Path(ns)    Netlist Resource(s)
  -------------------------------------------------------------------    -------------------
    Y16                                               0.000     0.000 r  A[0] (IN)
                         net (fo=0)                   0.000     0.000    A[0]
    Y16                  IBUF (Prop_ibuf_I_O)         0.334     0.334 r  A_IBUF[0]_inst/O
                         net (fo=3, routed)           0.448     0.782    A_IBUF[0]
    SLICE_X43Y34         LUT5 (Prop_lut5_I2_O)        0.046     0.828 r  Co_OBUF_inst_i_1/O
                         net (fo=1, routed)           0.526     1.354    Co_OBUF
    T11                  OBUF (Prop_obuf_I_O)         1.382     2.735 r  Co_OBUF_inst/O
                         net (fo=0)                   0.000     2.735    Co
    T11                                                               r  Co (OUT)
  -------------------------------------------------------------------    -------------------





